C51 COMPILER V9.55   IIC                                                                   04/05/2022 21:24:16 PAGE 1   


C51 COMPILER V9.55, COMPILATION OF MODULE IIC
OBJECT MODULE PLACED IN .\Objects\iic.obj
COMPILER INVOKED BY: C:\Keil_v5\C51\BIN\C51.EXE iic.c OPTIMIZE(8,SPEED) BROWSE DEBUG OBJECTEXTEND PRINT(.\Listings\iic.l
                    -st) TABS(2) OBJECT(.\Objects\iic.obj)

line level    source

   1          #include "iic.h"
   2          //总线启动条件
   3          void IIC_Start(void)
   4          {
   5   1          SDA = 1;
   6   1          SCL = 1;
   7   1          somenop;
   8   1          SDA = 0;
   9   1          somenop;
  10   1          SCL = 0;    
  11   1      }
  12           
  13          //总线停止条件
  14          void IIC_Stop(void)
  15          {
  16   1          SDA = 0;
  17   1          SCL = 1;
  18   1          somenop;
  19   1          SDA = 1;
  20   1      }
  21           
  22          //应答位控制
  23          void IIC_Ack(unsigned char ackbit)
  24          {
  25   1          if(ackbit) 
  26   1          {    
  27   2              SDA = 0;
  28   2          }
  29   1          else 
  30   1          {
  31   2              SDA = 1;
  32   2          }
  33   1          somenop;
  34   1          SCL = 1;
  35   1          somenop;
  36   1          SCL = 0;
  37   1          SDA = 1; 
  38   1          somenop;
  39   1      }
  40           
  41          //等待应答
  42          bit IIC_WaitAck(void)
  43          {
  44   1          SDA = 1;
  45   1          somenop;
  46   1          SCL = 1;
  47   1          somenop;
  48   1          if(SDA)    
  49   1          {   
  50   2              SCL = 0;
  51   2              IIC_Stop();
  52   2              return 0;
  53   2          }
  54   1          else  
C51 COMPILER V9.55   IIC                                                                   04/05/2022 21:24:16 PAGE 2   

  55   1          { 
  56   2              SCL = 0;
  57   2              return 1;
  58   2          }
  59   1      }
  60           
  61          //通过I2C总线发送数据
  62          void IIC_SendByte(unsigned char byt)
  63          {
  64   1          unsigned char i;
  65   1          for(i=0;i<8;i++)
  66   1          {   
  67   2              if(byt&0x80) 
  68   2              {    
  69   3                  SDA = 1;
  70   3              }
  71   2              else 
  72   2              {
  73   3                  SDA = 0;
  74   3              }
  75   2              somenop;
  76   2              SCL = 1;
  77   2              byt <<= 1;
  78   2              somenop;
  79   2              SCL = 0;
  80   2          }
  81   1      }
  82           
  83          //从I2C总线上接收数据
  84          unsigned char IIC_RecByte(void)
  85          {
  86   1          unsigned char da;
  87   1          unsigned char i;
  88   1          
  89   1          for(i=0;i<8;i++)
  90   1          {   
  91   2              SCL = 1;
  92   2              somenop;
  93   2              da <<= 1;
  94   2              if(SDA) 
  95   2              da |= 0x01;
  96   2              SCL = 0;
  97   2              somenop;
  98   2          }
  99   1          return da;
 100   1      }


MODULE INFORMATION:   STATIC OVERLAYABLE
   CODE SIZE        =    156    ----
   CONSTANT SIZE    =   ----    ----
   XDATA SIZE       =   ----    ----
   PDATA SIZE       =   ----    ----
   DATA SIZE        =   ----    ----
   IDATA SIZE       =   ----    ----
   BIT SIZE         =   ----    ----
END OF MODULE INFORMATION.


C51 COMPILATION COMPLETE.  0 WARNING(S),  0 ERROR(S)
