C51 COMPILER V9.55   MAIN                                                                  04/05/2022 21:24:16 PAGE 1   


C51 COMPILER V9.55, COMPILATION OF MODULE MAIN
OBJECT MODULE PLACED IN .\Objects\main.obj
COMPILER INVOKED BY: C:\Keil_v5\C51\BIN\C51.EXE main.c OPTIMIZE(8,SPEED) BROWSE DEBUG OBJECTEXTEND PRINT(.\Listings\main
                    -.lst) TABS(2) OBJECT(.\Objects\main.obj)

line level    source

   1          #include "test.h"
   2          #include "pcf8591.h"
   3          
   4          bit ad;
   5          u8 ad_v;
   6          u16 ad_v2;
   7          
   8          void Timer0Init(void);
   9          
  10          void main(void)
  11          {
  12   1        
  13   1        Fuck_Init(0,0);
  14   1        Timer0Init();
  15   1        while(1)
  16   1        {
  17   2          if(ad)
  18   2          {
  19   3            ad = 0;
  20   3            ad_v = In_ADC(0x03);
  21   3            ad_v2 = ad_v*99.0f/255;
  22   3            
  23   3          }
  24   2          else
  25   2          Out_DAC(255);
  26   2        }
  27   1      }
  28          
  29          void Timer0Init(void)   //1毫秒@11.0592MHz
  30          {
  31   1        AUXR |= 0x80;   //定时器时钟1T模式
  32   1        TMOD &= 0xF0;   //设置定时器模式
  33   1        TL0 = 0xCD;   //设置定时初值
  34   1        TH0 = 0xD4;   //设置定时初值
  35   1        TF0 = 0;    //清除TF0标志
  36   1        TR0 = 1;    //定时器0开始计时
  37   1        ET0 = 1;
  38   1        EA = 1;
  39   1      }
  40          
  41          void Timer0(void) interrupt 1
  42          {
  43   1        u16 ds_c,ad_c;
  44   1        
  45   1        TL0 = 0xCD;   //设置定时初值
  46   1        TH0 = 0xD4;   //设置定时初值
  47   1        
  48   1        if(ad_c++ >= 100)
  49   1        {
  50   2          ad_c = 0;
  51   2          ad = 1;
  52   2        }
  53   1        
  54   1        if(ds_c++ >= 2)
C51 COMPILER V9.55   MAIN                                                                  04/05/2022 21:24:16 PAGE 2   

  55   1        {
  56   2          ds_c = 0;
  57   2          Ds_Init(ad_v);
  58   2        }
  59   1      }


MODULE INFORMATION:   STATIC OVERLAYABLE
   CODE SIZE        =    204    ----
   CONSTANT SIZE    =   ----    ----
   XDATA SIZE       =   ----    ----
   PDATA SIZE       =   ----    ----
   DATA SIZE        =      3       4
   IDATA SIZE       =   ----    ----
   BIT SIZE         =      1    ----
END OF MODULE INFORMATION.


C51 COMPILATION COMPLETE.  0 WARNING(S),  0 ERROR(S)
