C51 COMPILER V9.55   PCF8951                                                               04/05/2022 21:24:16 PAGE 1   


C51 COMPILER V9.55, COMPILATION OF MODULE PCF8951
OBJECT MODULE PLACED IN .\Objects\pcf8951.obj
COMPILER INVOKED BY: C:\Keil_v5\C51\BIN\C51.EXE pcf8951.c OPTIMIZE(8,SPEED) BROWSE DEBUG OBJECTEXTEND PRINT(.\Listings\p
                    -cf8951.lst) TABS(2) OBJECT(.\Objects\pcf8951.obj)

line level    source

   1          #include "pcf8591.h"
   2          
   3          /*************************************************
   4          函数功能：AD输入
   5          *************************************************/
   6          u8 In_ADC(u8 pca)
   7          {
   8   1        u8 vlot;
   9   1        
  10   1        IIC_Start();
  11   1        IIC_SendByte(0x90);
  12   1        IIC_WaitAck();
  13   1        
  14   1        IIC_SendByte(pca);
  15   1        IIC_WaitAck();
  16   1        IIC_Stop();
  17   1        
  18   1        IIC_Start();
  19   1        IIC_SendByte(0x91);
  20   1        IIC_WaitAck();
  21   1        
  22   1        vlot = IIC_RecByte();
  23   1        //IIC_WaitAck();
  24   1        IIC_Ack(1); 
  25   1        IIC_Stop();
  26   1        
  27   1        return vlot;
  28   1      }
  29          
  30          /*************************************************
  31          函数功能：DA输出
  32          *************************************************/
  33          void Out_DAC(unsigned char Digital)
  34          {
  35   1        IIC_Start();//打开iic
  36   1        IIC_SendByte(0x90);////器件寻址，方向上是写（写命令）
  37   1        IIC_WaitAck();//等待应答
  38   1        
  39   1        IIC_SendByte(0x40);//打开输出通道
  40   1        IIC_WaitAck();//等待应答
  41   1        IIC_SendByte(Digital);//输出值255 = 5v；
  42   1        IIC_WaitAck();
  43   1        IIC_Stop();
  44   1      }


MODULE INFORMATION:   STATIC OVERLAYABLE
   CODE SIZE        =     83    ----
   CONSTANT SIZE    =   ----    ----
   XDATA SIZE       =   ----    ----
   PDATA SIZE       =   ----    ----
   DATA SIZE        =   ----       3
   IDATA SIZE       =   ----    ----
   BIT SIZE         =   ----    ----
C51 COMPILER V9.55   PCF8951                                                               04/05/2022 21:24:16 PAGE 2   

END OF MODULE INFORMATION.


C51 COMPILATION COMPLETE.  0 WARNING(S),  0 ERROR(S)
