C51 COMPILER V9.57.0.0   MAIN                                                              03/13/2022 16:01:48 PAGE 1   


C51 COMPILER V9.57.0.0, COMPILATION OF MODULE MAIN
OBJECT MODULE PLACED IN .\Objects\main.obj
COMPILER INVOKED BY: C:\Keil_v5\C51\BIN\C51.EXE main.c OPTIMIZE(8,SPEED) BROWSE DEBUG OBJECTEXTEND PRINT(.\Listings\main
                    -.lst) TABS(2) OBJECT(.\Objects\main.obj)

line level    source

   1          #include "test.h"
   2          
   3          void UartInit(void);
   4          
   5          void main(void)
   6          {
   7   1        Fuck_Init(0,0);//关闭蜂鸣器继电器
   8   1        UartInit();//串口初始化
   9   1        Led_Init(0x7f);
  10   1      }
  11          
  12          void UartInit(void)   //9600bps@11.0592MHz
  13          {
  14   1        SCON = 0x50;    //8位数据,可变波特率
  15   1        AUXR |= 0x40;   //定时器1时钟为Fosc,即1T
  16   1        AUXR &= 0xFE;   //串口1选择定时器1为波特率发生器
  17   1        TMOD &= 0x0F;   //设定定时器1为16位自动重装方式
  18   1        TL1 = 0xE0;   //设定定时初值
  19   1        TH1 = 0xFE;   //设定定时初值
  20   1        ET1 = 0;    //禁止定时器1中断
  21   1        TR1 = 1;    //启动定时器1
  22   1        EA = 1;
  23   1      }
  24          
  25          void Uart(void) interrupt 4
  26          {
  27   1        u8 a;
  28   1        a = SBUF;
  29   1        Led_Init(a);
  30   1        RI = 0;
  31   1        SBUF =01;
  32   1        while(!TI);      
  33   1        TI=0;
  34   1      }


MODULE INFORMATION:   STATIC OVERLAYABLE
   CODE SIZE        =    111    ----
   CONSTANT SIZE    =   ----    ----
   XDATA SIZE       =   ----    ----
   PDATA SIZE       =   ----    ----
   DATA SIZE        =   ----    ----
   IDATA SIZE       =   ----    ----
   BIT SIZE         =   ----    ----
END OF MODULE INFORMATION.


C51 COMPILATION COMPLETE.  0 WARNING(S),  0 ERROR(S)
