C51 COMPILER V9.57.0.0   MAIN                                                              03/11/2022 11:09:03 PAGE 1   


C51 COMPILER V9.57.0.0, COMPILATION OF MODULE MAIN
OBJECT MODULE PLACED IN .\Objects\main.obj
COMPILER INVOKED BY: C:\Keil_v5\C51\BIN\C51.EXE main.c OPTIMIZE(8,SPEED) BROWSE DEBUG OBJECTEXTEND PRINT(.\Listings\main
                    -.lst) TABS(2) OBJECT(.\Objects\main.obj)

line level    source

   1          #include "test.h"
   2          #include "key.h"
   3          
   4          u8 pwm_v=10;
   5          bit ds1;
   6          u16 pwm_c;
   7          
   8          void Timer0Init(void);
   9          void main(void)
  10          { 
  11   1        u8 key_v;
  12   1        
  13   1        Fuck_Init(0,0);//关闭蜂鸣器继电器
  14   1        Timer0Init();
  15   1        while(1)
  16   1        {
  17   2          if(ds1)
  18   2          {
  19   3            ds1 = 0;
  20   3            Ds_Init(pwm_v);
  21   3            
  22   3          }
  23   2          key_v = Key_Init();
  24   2          switch(key_v)
  25   2          {
  26   3            case 7:pwm_v += 10;break;
  27   3            case 6:pwm_v -= 10;break;
  28   3          }
  29   2          if((pwm_v>=100)||(pwm_v<=0))
  30   2            pwm_v = 10;
  31   2        }
  32   1      }
  33          /*************************************************
  34          函数功能：定时器0
  35          *************************************************/
  36          void Timer0Init(void)   //1毫秒@11.0592MHz
  37          {
  38   1        AUXR |= 0x80;   //定时器时钟1T模式
  39   1        TMOD &= 0xF0;   //设置定时器模式
  40   1        TL0 = 0x91;   //设置定时初值
  41   1        TH0 = 0xFF;   //设置定时初值
  42   1        TF0 = 0;    //清除TF0标志
  43   1        TR0 = 1;    //定时器0开始计时
  44   1        ET0 = 1;
  45   1        EA = 1;
  46   1      }
  47          
  48          void Timer0() interrupt 1
  49          {
  50   1        u16 ds_c;
  51   1        TL0 = 0x91;   //设置定时初值
  52   1        TH0 = 0xFF;   //设置定时初值
  53   1        pwm_c++;
  54   1        if(pwm_c >= 100)pwm_c = 0;
C51 COMPILER V9.57.0.0   MAIN                                                              03/11/2022 11:09:03 PAGE 2   

  55   1        if(pwm_c >= pwm_v)pwm = 0;
  56   1        else pwm = 1;
  57   1        
  58   1        if(ds_c++ >= 100)
  59   1        {
  60   2          ds_c = 0;
  61   2          ds1 = 1;
  62   2        }
  63   1        
  64   1      }


MODULE INFORMATION:   STATIC OVERLAYABLE
   CODE SIZE        =    169    ----
   CONSTANT SIZE    =   ----    ----
   XDATA SIZE       =   ----    ----
   PDATA SIZE       =   ----    ----
   DATA SIZE        =      3       2
   IDATA SIZE       =   ----    ----
   BIT SIZE         =      1    ----
END OF MODULE INFORMATION.


C51 COMPILATION COMPLETE.  0 WARNING(S),  0 ERROR(S)
